INFO - 2022-06-24 13:25:33 --> Controller "CodeIgniter\CLI\CommandRunner" loaded.
INFO - 2022-06-24 13:25:37 --> Controller "App\Controllers\base\Beranda" loaded.
CRITICAL - 2022-06-24 13:25:37 --> No such file or directory
#0 /home/fahrizalm14/Project/undangan/system/Database/BaseConnection.php(377): CodeIgniter\Database\MySQLi\Connection->connect(false)
#1 /home/fahrizalm14/Project/undangan/system/Database/BaseConnection.php(643): CodeIgniter\Database\BaseConnection->initialize()
#2 /home/fahrizalm14/Project/undangan/system/Database/BaseBuilder.php(1819): CodeIgniter\Database\BaseConnection->query('SELECT *\nFROM `...', Array, false)
#3 /home/fahrizalm14/Project/undangan/app/Models/base/BerandaModel.php(31): CodeIgniter\Database\BaseBuilder->get()
#4 /home/fahrizalm14/Project/undangan/app/Controllers/base/Beranda.php(26): App\Models\base\BerandaModel->get_all_themes()
#5 /home/fahrizalm14/Project/undangan/system/CodeIgniter.php(910): App\Controllers\base\Beranda->index()
#6 /home/fahrizalm14/Project/undangan/system/CodeIgniter.php(398): CodeIgniter\CodeIgniter->runController(Object(App\Controllers\base\Beranda))
#7 /home/fahrizalm14/Project/undangan/system/CodeIgniter.php(306): CodeIgniter\CodeIgniter->handleRequest(NULL, Object(Config\Cache), false)
#8 /home/fahrizalm14/Project/undangan/public/index.php(45): CodeIgniter\CodeIgniter->run()
#9 /home/fahrizalm14/Project/undangan/system/Commands/Server/rewrite.php(34): require_once('/home/fahrizalm...')
#10 {main}
INFO - 2022-06-24 13:25:38 --> Controller "App\Controllers\base\Beranda" loaded.
CRITICAL - 2022-06-24 13:25:38 --> No such file or directory
#0 /home/fahrizalm14/Project/undangan/system/Database/BaseConnection.php(377): CodeIgniter\Database\MySQLi\Connection->connect(false)
#1 /home/fahrizalm14/Project/undangan/system/Database/BaseConnection.php(643): CodeIgniter\Database\BaseConnection->initialize()
#2 /home/fahrizalm14/Project/undangan/system/Database/BaseBuilder.php(1819): CodeIgniter\Database\BaseConnection->query('SELECT *\nFROM `...', Array, false)
#3 /home/fahrizalm14/Project/undangan/app/Models/base/BerandaModel.php(31): CodeIgniter\Database\BaseBuilder->get()
#4 /home/fahrizalm14/Project/undangan/app/Controllers/base/Beranda.php(26): App\Models\base\BerandaModel->get_all_themes()
#5 /home/fahrizalm14/Project/undangan/system/CodeIgniter.php(910): App\Controllers\base\Beranda->index()
#6 /home/fahrizalm14/Project/undangan/system/CodeIgniter.php(398): CodeIgniter\CodeIgniter->runController(Object(App\Controllers\base\Beranda))
#7 /home/fahrizalm14/Project/undangan/system/CodeIgniter.php(306): CodeIgniter\CodeIgniter->handleRequest(NULL, Object(Config\Cache), false)
#8 /home/fahrizalm14/Project/undangan/public/index.php(45): CodeIgniter\CodeIgniter->run()
#9 /home/fahrizalm14/Project/undangan/system/Commands/Server/rewrite.php(34): require_once('/home/fahrizalm...')
#10 {main}
INFO - 2022-06-24 13:26:04 --> Controller "App\Controllers\base\Beranda" loaded.
CRITICAL - 2022-06-24 13:26:04 --> No such file or directory
#0 /home/fahrizalm14/Project/undangan/system/Database/BaseConnection.php(377): CodeIgniter\Database\MySQLi\Connection->connect(false)
#1 /home/fahrizalm14/Project/undangan/system/Database/BaseConnection.php(643): CodeIgniter\Database\BaseConnection->initialize()
#2 /home/fahrizalm14/Project/undangan/system/Database/BaseBuilder.php(1819): CodeIgniter\Database\BaseConnection->query('SELECT *\nFROM `...', Array, false)
#3 /home/fahrizalm14/Project/undangan/app/Models/base/BerandaModel.php(31): CodeIgniter\Database\BaseBuilder->get()
#4 /home/fahrizalm14/Project/undangan/app/Controllers/base/Beranda.php(26): App\Models\base\BerandaModel->get_all_themes()
#5 /home/fahrizalm14/Project/undangan/system/CodeIgniter.php(910): App\Controllers\base\Beranda->index()
#6 /home/fahrizalm14/Project/undangan/system/CodeIgniter.php(398): CodeIgniter\CodeIgniter->runController(Object(App\Controllers\base\Beranda))
#7 /home/fahrizalm14/Project/undangan/system/CodeIgniter.php(306): CodeIgniter\CodeIgniter->handleRequest(NULL, Object(Config\Cache), false)
#8 /home/fahrizalm14/Project/undangan/public/index.php(45): CodeIgniter\CodeIgniter->run()
#9 /home/fahrizalm14/Project/undangan/system/Commands/Server/rewrite.php(34): require_once('/home/fahrizalm...')
#10 {main}
INFO - 2022-06-24 13:26:44 --> Controller "App\Controllers\base\Beranda" loaded.
CRITICAL - 2022-06-24 13:26:54 --> Connection timed out
#0 /home/fahrizalm14/Project/undangan/system/Database/BaseConnection.php(377): CodeIgniter\Database\MySQLi\Connection->connect(false)
#1 /home/fahrizalm14/Project/undangan/system/Database/BaseConnection.php(643): CodeIgniter\Database\BaseConnection->initialize()
#2 /home/fahrizalm14/Project/undangan/system/Database/BaseBuilder.php(1819): CodeIgniter\Database\BaseConnection->query('SELECT *\nFROM `...', Array, false)
#3 /home/fahrizalm14/Project/undangan/app/Models/base/BerandaModel.php(31): CodeIgniter\Database\BaseBuilder->get()
#4 /home/fahrizalm14/Project/undangan/app/Controllers/base/Beranda.php(26): App\Models\base\BerandaModel->get_all_themes()
#5 /home/fahrizalm14/Project/undangan/system/CodeIgniter.php(910): App\Controllers\base\Beranda->index()
#6 /home/fahrizalm14/Project/undangan/system/CodeIgniter.php(398): CodeIgniter\CodeIgniter->runController(Object(App\Controllers\base\Beranda))
#7 /home/fahrizalm14/Project/undangan/system/CodeIgniter.php(306): CodeIgniter\CodeIgniter->handleRequest(NULL, Object(Config\Cache), false)
#8 /home/fahrizalm14/Project/undangan/public/index.php(45): CodeIgniter\CodeIgniter->run()
#9 /home/fahrizalm14/Project/undangan/system/Commands/Server/rewrite.php(34): require_once('/home/fahrizalm...')
#10 {main}
INFO - 2022-06-24 13:27:06 --> Controller "App\Controllers\base\Beranda" loaded.
CRITICAL - 2022-06-24 13:27:16 --> Connection timed out
#0 /home/fahrizalm14/Project/undangan/system/Database/BaseConnection.php(377): CodeIgniter\Database\MySQLi\Connection->connect(false)
#1 /home/fahrizalm14/Project/undangan/system/Database/BaseConnection.php(643): CodeIgniter\Database\BaseConnection->initialize()
#2 /home/fahrizalm14/Project/undangan/system/Database/BaseBuilder.php(1819): CodeIgniter\Database\BaseConnection->query('SELECT *\nFROM `...', Array, false)
#3 /home/fahrizalm14/Project/undangan/app/Models/base/BerandaModel.php(31): CodeIgniter\Database\BaseBuilder->get()
#4 /home/fahrizalm14/Project/undangan/app/Controllers/base/Beranda.php(26): App\Models\base\BerandaModel->get_all_themes()
#5 /home/fahrizalm14/Project/undangan/system/CodeIgniter.php(910): App\Controllers\base\Beranda->index()
#6 /home/fahrizalm14/Project/undangan/system/CodeIgniter.php(398): CodeIgniter\CodeIgniter->runController(Object(App\Controllers\base\Beranda))
#7 /home/fahrizalm14/Project/undangan/system/CodeIgniter.php(306): CodeIgniter\CodeIgniter->handleRequest(NULL, Object(Config\Cache), false)
#8 /home/fahrizalm14/Project/undangan/public/index.php(45): CodeIgniter\CodeIgniter->run()
#9 /home/fahrizalm14/Project/undangan/system/Commands/Server/rewrite.php(34): require_once('/home/fahrizalm...')
#10 {main}
INFO - 2022-06-24 13:27:31 --> Controller "App\Controllers\base\Beranda" loaded.
CRITICAL - 2022-06-24 13:27:41 --> Connection timed out
#0 /home/fahrizalm14/Project/undangan/system/Database/BaseConnection.php(377): CodeIgniter\Database\MySQLi\Connection->connect(false)
#1 /home/fahrizalm14/Project/undangan/system/Database/BaseConnection.php(643): CodeIgniter\Database\BaseConnection->initialize()
#2 /home/fahrizalm14/Project/undangan/system/Database/BaseBuilder.php(1819): CodeIgniter\Database\BaseConnection->query('SELECT *\nFROM `...', Array, false)
#3 /home/fahrizalm14/Project/undangan/app/Models/base/BerandaModel.php(31): CodeIgniter\Database\BaseBuilder->get()
#4 /home/fahrizalm14/Project/undangan/app/Controllers/base/Beranda.php(26): App\Models\base\BerandaModel->get_all_themes()
#5 /home/fahrizalm14/Project/undangan/system/CodeIgniter.php(910): App\Controllers\base\Beranda->index()
#6 /home/fahrizalm14/Project/undangan/system/CodeIgniter.php(398): CodeIgniter\CodeIgniter->runController(Object(App\Controllers\base\Beranda))
#7 /home/fahrizalm14/Project/undangan/system/CodeIgniter.php(306): CodeIgniter\CodeIgniter->handleRequest(NULL, Object(Config\Cache), false)
#8 /home/fahrizalm14/Project/undangan/public/index.php(45): CodeIgniter\CodeIgniter->run()
#9 /home/fahrizalm14/Project/undangan/system/Commands/Server/rewrite.php(34): require_once('/home/fahrizalm...')
#10 {main}
INFO - 2022-06-24 13:27:44 --> Controller "App\Controllers\base\Beranda" loaded.
INFO - 2022-06-24 13:29:01 --> Controller "App\Controllers\base\Beranda" loaded.
INFO - 2022-06-24 13:29:09 --> Controller "App\Controllers\base\Beranda" loaded.
INFO - 2022-06-24 13:29:19 --> Controller "App\Controllers\base\Beranda" loaded.
INFO - 2022-06-24 13:30:23 --> Controller "App\Controllers\base\Beranda" loaded.
INFO - 2022-06-24 13:31:25 --> Controller "App\Controllers\base\Beranda" loaded.
INFO - 2022-06-24 13:32:35 --> Controller "App\Controllers\base\Beranda" loaded.
INFO - 2022-06-24 13:35:00 --> Controller "App\Controllers\base\Beranda" loaded.
INFO - 2022-06-24 13:40:51 --> Controller "App\Controllers\base\Beranda" loaded.
INFO - 2022-06-24 13:45:15 --> Controller "App\Controllers\base\Beranda" loaded.
INFO - 2022-06-24 13:53:57 --> Controller "App\Controllers\base\Beranda" loaded.
INFO - 2022-06-24 13:58:28 --> Controller "App\Controllers\base\Beranda" loaded.
INFO - 2022-06-24 13:59:40 --> Controller "App\Controllers\base\Beranda" loaded.
INFO - 2022-06-24 13:59:43 --> Session: Class initialized using 'CodeIgniter\Session\Handlers\FileHandler' driver.
INFO - 2022-06-24 13:59:43 --> Controller "App\Controllers\base\Dashboard" loaded.
INFO - 2022-06-24 13:59:45 --> Controller "App\Controllers\base\Beranda" loaded.
INFO - 2022-06-24 14:00:10 --> Controller "App\Controllers\base\Beranda" loaded.
INFO - 2022-06-24 14:04:31 --> Controller "App\Controllers\base\Beranda" loaded.
INFO - 2022-06-24 14:04:40 --> Session: Class initialized using 'CodeIgniter\Session\Handlers\FileHandler' driver.
INFO - 2022-06-24 14:04:40 --> Controller "App\Controllers\base\Dashboard" loaded.
INFO - 2022-06-24 14:04:44 --> Controller "App\Controllers\base\Beranda" loaded.
INFO - 2022-06-24 14:04:56 --> Session: Class initialized using 'CodeIgniter\Session\Handlers\FileHandler' driver.
INFO - 2022-06-24 14:04:56 --> Controller "App\Controllers\base\Order" loaded.
INFO - 2022-06-24 14:04:56 --> Controller "App\Controllers\base\Beranda" loaded.
INFO - 2022-06-24 14:04:59 --> Controller "App\Controllers\base\Beranda" loaded.
INFO - 2022-06-24 14:05:06 --> Controller "App\Controllers\base\Beranda" loaded.
INFO - 2022-06-24 14:05:11 --> Session: Class initialized using 'CodeIgniter\Session\Handlers\FileHandler' driver.
INFO - 2022-06-24 14:05:11 --> Controller "App\Controllers\base\Order" loaded.
INFO - 2022-06-24 14:06:31 --> Session: Class initialized using 'CodeIgniter\Session\Handlers\FileHandler' driver.
INFO - 2022-06-24 14:06:31 --> Controller "App\Controllers\base\Order" loaded.
INFO - 2022-06-24 14:07:15 --> Session: Class initialized using 'CodeIgniter\Session\Handlers\FileHandler' driver.
INFO - 2022-06-24 14:07:15 --> Controller "App\Controllers\base\Order" loaded.
INFO - 2022-06-24 14:07:24 --> Session: Class initialized using 'CodeIgniter\Session\Handlers\FileHandler' driver.
INFO - 2022-06-24 14:07:24 --> Controller "App\Controllers\base\Order" loaded.
INFO - 2022-06-24 14:07:31 --> Session: Class initialized using 'CodeIgniter\Session\Handlers\FileHandler' driver.
INFO - 2022-06-24 14:07:31 --> Controller "App\Controllers\base\Order" loaded.
INFO - 2022-06-24 14:07:42 --> Session: Class initialized using 'CodeIgniter\Session\Handlers\FileHandler' driver.
INFO - 2022-06-24 14:07:42 --> Controller "App\Controllers\base\Order" loaded.
INFO - 2022-06-24 14:07:56 --> Controller "App\Controllers\base\Beranda" loaded.
INFO - 2022-06-24 14:08:31 --> Session: Class initialized using 'CodeIgniter\Session\Handlers\FileHandler' driver.
INFO - 2022-06-24 14:08:31 --> Controller "App\Controllers\base\Order" loaded.
INFO - 2022-06-24 14:08:33 --> Session: Class initialized using 'CodeIgniter\Session\Handlers\FileHandler' driver.
INFO - 2022-06-24 14:08:33 --> Controller "App\Controllers\base\Order" loaded.
INFO - 2022-06-24 14:08:47 --> Session: Class initialized using 'CodeIgniter\Session\Handlers\FileHandler' driver.
INFO - 2022-06-24 14:08:47 --> Controller "App\Controllers\base\Order" loaded.
INFO - 2022-06-24 14:09:00 --> Session: Class initialized using 'CodeIgniter\Session\Handlers\FileHandler' driver.
INFO - 2022-06-24 14:09:00 --> Controller "App\Controllers\base\Order" loaded.
INFO - 2022-06-24 14:09:01 --> Controller "App\Controllers\base\Beranda" loaded.
INFO - 2022-06-24 14:10:02 --> Controller "App\Controllers\base\Beranda" loaded.
INFO - 2022-06-24 14:10:05 --> Controller "App\Controllers\base\Beranda" loaded.
INFO - 2022-06-24 14:10:07 --> Controller "App\Controllers\base\Beranda" loaded.
INFO - 2022-06-24 14:10:23 --> Controller "App\Controllers\base\Beranda" loaded.
INFO - 2022-06-24 14:10:38 --> Controller "App\Controllers\base\Beranda" loaded.
INFO - 2022-06-24 14:10:40 --> Controller "App\Controllers\base\Beranda" loaded.
INFO - 2022-06-24 14:11:41 --> Controller "App\Controllers\base\Beranda" loaded.
INFO - 2022-06-24 14:11:53 --> Controller "App\Controllers\base\Beranda" loaded.
INFO - 2022-06-24 14:13:29 --> Session: Class initialized using 'CodeIgniter\Session\Handlers\FileHandler' driver.
INFO - 2022-06-24 14:13:29 --> Controller "App\Controllers\base\Dashboard" loaded.
INFO - 2022-06-24 14:13:33 --> Controller "App\Controllers\base\Beranda" loaded.
INFO - 2022-06-24 14:13:48 --> Controller "App\Controllers\base\Beranda" loaded.
INFO - 2022-06-24 14:13:53 --> Controller "App\Controllers\base\Beranda" loaded.
